0 info it worked if it ends with ok
1 verbose cli [ '/usr/local/bin/node', '/usr/local/bin/npm', 'run', 'build' ]
2 info using npm@4.0.5
3 info using node@v7.4.0
4 verbose run-script [ 'prebuild', 'build', 'postbuild' ]
5 info lifecycle chattrbox@1.0.0~prebuild: chattrbox@1.0.0
6 silly lifecycle chattrbox@1.0.0~prebuild: no script for prebuild, continuing
7 info lifecycle chattrbox@1.0.0~build: chattrbox@1.0.0
8 verbose lifecycle chattrbox@1.0.0~build: unsafe-perm in lifecycle true
9 verbose lifecycle chattrbox@1.0.0~build: PATH: /usr/local/lib/node_modules/npm/bin/node-gyp-bin:/Users/tedouni/Dropbox/Spring2017/CPSC473/assignmentNine/chattrbox/node_modules/.bin:/opt/local/bin:/opt/local/sbin:/Users/tedouni/pebble-dev/PebbleSDK-3.0-dp1/bin:/Users/tedouni/pebble-dev/PebbleSDK-3.0-dp1/bin:/Users/tedouni/google-cloud-sdk/bin:/opt/local/bin:/opt/local/sbin:/Library/Frameworks/Python.framework/Versions/3.4/bin:/Library/Frameworks/Python.framework/Versions/3.4/bin:/usr/local/bin:/usr/bin:/bin:/usr/sbin:/sbin
10 verbose lifecycle chattrbox@1.0.0~build: CWD: /Users/tedouni/Dropbox/Spring2017/CPSC473/assignmentNine/chattrbox
11 silly lifecycle chattrbox@1.0.0~build: Args: [ '-c',
11 silly lifecycle   'browserify -d app/scripts/src/main.js -o app/scripts/dist/main.js' ]
12 silly lifecycle chattrbox@1.0.0~build: Returned: code: 1  signal: null
13 info lifecycle chattrbox@1.0.0~build: Failed to exec build script
14 verbose stack Error: chattrbox@1.0.0 build: `browserify -d app/scripts/src/main.js -o app/scripts/dist/main.js`
14 verbose stack Exit status 1
14 verbose stack     at EventEmitter.<anonymous> (/usr/local/lib/node_modules/npm/lib/utils/lifecycle.js:279:16)
14 verbose stack     at emitTwo (events.js:106:13)
14 verbose stack     at EventEmitter.emit (events.js:191:7)
14 verbose stack     at ChildProcess.<anonymous> (/usr/local/lib/node_modules/npm/lib/utils/spawn.js:40:14)
14 verbose stack     at emitTwo (events.js:106:13)
14 verbose stack     at ChildProcess.emit (events.js:191:7)
14 verbose stack     at maybeClose (internal/child_process.js:885:16)
14 verbose stack     at Process.ChildProcess._handle.onexit (internal/child_process.js:226:5)
15 verbose pkgid chattrbox@1.0.0
16 verbose cwd /Users/tedouni/Dropbox/Spring2017/CPSC473/assignmentNine/chattrbox/app
17 error Darwin 16.6.0
18 error argv "/usr/local/bin/node" "/usr/local/bin/npm" "run" "build"
19 error node v7.4.0
20 error npm  v4.0.5
21 error code ELIFECYCLE
22 error chattrbox@1.0.0 build: `browserify -d app/scripts/src/main.js -o app/scripts/dist/main.js`
22 error Exit status 1
23 error Failed at the chattrbox@1.0.0 build script 'browserify -d app/scripts/src/main.js -o app/scripts/dist/main.js'.
23 error Make sure you have the latest version of node.js and npm installed.
23 error If you do, this is most likely a problem with the chattrbox package,
23 error not with npm itself.
23 error Tell the author that this fails on your system:
23 error     browserify -d app/scripts/src/main.js -o app/scripts/dist/main.js
23 error You can get information on how to open an issue for this project with:
23 error     npm bugs chattrbox
23 error Or if that isn't available, you can get their info via:
23 error     npm owner ls chattrbox
23 error There is likely additional logging output above.
24 verbose exit [ 1, true ]
